Received POST Request: null at 2024-02-03 19:57:21
Error: SQLSTATE[HY093]: Invalid parameter number at 2024-02-03 19:57:21
Received POST Request: null at 2024-02-03 19:57:22
Error: SQLSTATE[HY093]: Invalid parameter number at 2024-02-03 19:57:22
Received POST Request: null at 2024-02-03 20:02:18
Error: SQLSTATE[HY093]: Invalid parameter number at 2024-02-03 20:02:18
Received POST Request: null at 2024-02-03 20:03:58
Error: SQLSTATE[HY093]: Invalid parameter number at 2024-02-03 20:03:58
Received POST Request: null at 2024-02-03 20:03:58
Error: SQLSTATE[HY093]: Invalid parameter number at 2024-02-03 20:03:58
Received POST Request: null at 2024-02-03 20:03:59
Error: SQLSTATE[HY093]: Invalid parameter number at 2024-02-03 20:03:59
Received POST Request: null at 2024-02-03 20:04:00
Error: SQLSTATE[HY093]: Invalid parameter number at 2024-02-03 20:04:00
Received POST Request: null at 2024-02-04 09:08:44
Error: Neither e-mail nor login was provided. at 2024-02-04 09:08:44
Received POST Request: null at 2024-02-04 09:15:33
Error: Neither e-mail nor login was provided. at 2024-02-04 09:15:33
Received POST Request: null at 2024-02-04 09:20:13
Error: Neither e-mail nor login was provided. at 2024-02-04 09:20:13
Received POST Request: null at 2024-02-04 09:22:07
Error: Neither e-mail nor login was provided. at 2024-02-04 09:22:07
Received POST Request: null at 2024-02-04 09:26:44
Error: Neither e-mail nor login was provided. at 2024-02-04 09:26:44
Received POST Request: null at 2024-02-04 09:42:00
Error: Neither e-mail nor login was provided. at 2024-02-04 09:42:00
Received POST Request: null at 2024-02-04 09:50:34
Error: Neither e-mail nor login was provided. at 2024-02-04 09:50:34
Received POST Request: null at 2024-02-04 10:17:00
Error: Neither e-mail nor login was provided. at 2024-02-04 10:17:00
Received POST Request: null at 2024-02-04 10:17:15
Error: Neither e-mail nor login was provided. at 2024-02-04 10:17:15
Received POST Request: null at 2024-02-04 10:26:45
Error: Neither e-mail nor login was provided. at 2024-02-04 10:26:45
Received POST Request: null at 2024-02-04 10:26:58
Error: Neither e-mail nor login was provided. at 2024-02-04 10:26:58
Received POST Request: null at 2024-02-04 10:27:24
Error: Neither e-mail nor login was provided. at 2024-02-04 10:27:24
Received POST Request: {"password":"1zesfsdfsdfsdfsf","name":"V","login":"G"} at 2024-02-04 10:31:16
Successful Registration: G at 2024-02-04 10:31:16
Received POST Request: {"password":"&\u00e9\"'(-\u00e8_","name":"Gerich","e_mail":"germanburdin@laposte.net"} at 2024-02-04 10:59:11
Successful Registration: germanburdin@laposte.net at 2024-02-04 10:59:11
Received POST Request: {"password":"eeeeeeeeeeeeeeeeeeeeee","name":"f","login":"V"} at 2024-02-04 16:44:45
Successful Registration: V at 2024-02-04 16:44:45
Received POST Request: {"password":"eeeeeeeeeeeeeeeeeeeeee","name":"f","login":"G"} at 2024-02-04 16:45:13
Error: SQLSTATE[23000]: Integrity constraint violation: 1062 Duplicata du champ 'G' pour la clef 'person.login' at 2024-02-04 16:45:13
Received POST Request: {"password":"ddddddddddddddd","name":"German","login":"G"} at 2024-02-04 16:49:12
Error: SQLSTATE[23000]: Integrity constraint violation: 1062 Duplicata du champ 'G' pour la clef 'person.login' at 2024-02-04 16:49:12
Received POST Request: {"password":"ffffffffffffff","name":"f","login":"G"} at 2024-02-04 16:54:05
Error: SQLSTATE[23000]: Integrity constraint violation: 1062 Duplicata du champ 'G' pour la clef 'person.login' at 2024-02-04 16:54:05
Received POST Request: {"password":"ffffffffffffff","name":"f","login":"G "} at 2024-02-04 16:54:25
Error: SQLSTATE[23000]: Integrity constraint violation: 1062 Duplicata du champ 'G ' pour la clef 'person.login' at 2024-02-04 16:54:25
Received POST Request: null at 2024-02-04 17:04:16
Error: Neither e-mail nor login was provided. at 2024-02-04 17:04:16
Received POST Request: {"password":"\u044b\u044b\u044b\u044b\u044b\u044b\u044b\u044b\u044b\u044b\u044b\u044b\u044b\u044b","name":"\u0430","login":"E"} at 2024-02-04 17:05:17
Successful Registration: E at 2024-02-04 17:05:17
Received POST Request: {"password":"\u043b\u043b\u043b\u043b\u043b\u043b\u043b\u043b\u043b\u043b\u043b\u043b","name":"\u0432","login":"\u0431"} at 2024-02-04 17:05:40
Successful Registration: б at 2024-02-04 17:05:40
Received POST Request: {"password":"\u043b\u043b\u043b\u043b\u043b\u043b\u043b\u043b\u043b\u043b\u043b\u043b","name":"\u0432","login":"G"} at 2024-02-04 17:07:19
Error: SQLSTATE[23000]: Integrity constraint violation: 1062 Duplicata du champ 'G' pour la clef 'person.login' at 2024-02-04 17:07:19
Received POST Request: {"password":"\u043b\u043b\u043b\u043b\u043b\u043b\u043b\u043b\u043b\u043b\u043b\u043b","name":"\u0430","login":"G"} at 2024-02-04 17:15:11
Error: SQLSTATE[23000]: Integrity constraint violation: 1062 Duplicata du champ 'G' pour la clef 'person.login' at 2024-02-04 17:15:11
Authenticating user with email: germanburdin1@gmail.comAuthenticating user with email: germanburdin1@gmail.comAuthenticating user with email: germanburdin1@gmail.comAuthenticating user with email: germanburdin1@gmail.comAuthenticating user with email: germanburdin1@gmail.comAuthenticating user with email: germanburdin1@gmail.comAuthenticating user with email: germanburdin1@gmail.comAuthenticating user with email: germanburdin1@gmail.comAuthenticating user with email: germanburdin1@gmail.comUser authenticated successfully: {"Id_person":25,"e_mail":"germanburdin1@gmail.com","login":"GermanBurdin1","password":"$2y$10$fURKsJxqeqpiZISl0KNHLu6.GIq4w7evv\/0qadMJW1mfoNFmmYTV6","name":"German","is_verified":1,"verification_token":"bc29af67db69a18ee72515647186ef10"}Authenticating user with email: germanburdin1@gmail.comUser authenticated successfully: {"Id_person":25,"e_mail":"germanburdin1@gmail.com","login":"GermanBurdin1","password":"$2y$10$fURKsJxqeqpiZISl0KNHLu6.GIq4w7evv\/0qadMJW1mfoNFmmYTV6","name":"German","is_verified":1,"verification_token":"bc29af67db69a18ee72515647186ef10"}Authenticating user with email: germanburdin1@gmail.comUser authenticated successfully: {"Id_person":25,"e_mail":"germanburdin1@gmail.com","login":"GermanBurdin1","password":"$2y$10$fURKsJxqeqpiZISl0KNHLu6.GIq4w7evv\/0qadMJW1mfoNFmmYTV6","name":"German","is_verified":1,"verification_token":"bc29af67db69a18ee72515647186ef10"}Authenticating user with email: germanburdin1@gmail.comUser authenticated successfully: {"Id_person":25,"e_mail":"germanburdin1@gmail.com","login":"GermanBurdin1","password":"$2y$10$fURKsJxqeqpiZISl0KNHLu6.GIq4w7evv\/0qadMJW1mfoNFmmYTV6","name":"German","is_verified":1,"verification_token":"bc29af67db69a18ee72515647186ef10"}Authenticating user with email: germanburdin1@gmail.comAuthentication failed for user with email: germanburdin1@gmail.comAuthenticating user with email: germanburdin1@gmail.comUser authenticated successfully: {"Id_person":25,"e_mail":"germanburdin1@gmail.com","login":"GermanBurdin1","password":"$2y$10$fURKsJxqeqpiZISl0KNHLu6.GIq4w7evv\/0qadMJW1mfoNFmmYTV6","name":"German","is_verified":1,"verification_token":"bc29af67db69a18ee72515647186ef10"}Authenticating user with email: germanburdin1@gmail.comUser authenticated successfully: {"Id_person":25,"e_mail":"germanburdin1@gmail.com","login":"GermanBurdin1","password":"$2y$10$fURKsJxqeqpiZISl0KNHLu6.GIq4w7evv\/0qadMJW1mfoNFmmYTV6","name":"German","is_verified":1,"verification_token":"bc29af67db69a18ee72515647186ef10"}Authenticating user with email: germanburdin1@gmail.comUser authenticated successfully: {"Id_person":25,"e_mail":"germanburdin1@gmail.com","login":"GermanBurdin1","password":"$2y$10$fURKsJxqeqpiZISl0KNHLu6.GIq4w7evv\/0qadMJW1mfoNFmmYTV6","name":"German","is_verified":1,"verification_token":"bc29af67db69a18ee72515647186ef10"}Authenticating user with email: germanburdin1@gmail.comUser authenticated successfully: {"Id_person":25,"e_mail":"germanburdin1@gmail.com","login":"GermanBurdin1","password":"$2y$10$fURKsJxqeqpiZISl0KNHLu6.GIq4w7evv\/0qadMJW1mfoNFmmYTV6","name":"German","is_verified":1,"verification_token":"bc29af67db69a18ee72515647186ef10"}Authenticating user with email: germanburdin1@gmail.comUser authenticated successfully: {"Id_person":25,"e_mail":"germanburdin1@gmail.com","login":"GermanBurdin1","password":"$2y$10$fURKsJxqeqpiZISl0KNHLu6.GIq4w7evv\/0qadMJW1mfoNFmmYTV6","name":"German","is_verified":1,"verification_token":"bc29af67db69a18ee72515647186ef10"}Authenticating user with email: Authentication failed for user with email: Authenticating user with email: Authentication failed for user with email: Authenticating user with email: Authentication failed for user with email: Authenticating user with email: Authentication failed for user with email: Authenticating user with email: Authentication failed for user with email: Authenticating user with email: Authentication failed for user with email: Authenticating user with email: Authentication failed for user with email: Authenticating user with email: 
No user found with email: 
Authenticating user with email: 
No user found with email: 
Authenticating user with email: 
No user found with email: 
Authenticating user with email: 
No user found with email: 
Authenticating user with email: germanburdin1@gmail.com
Found user: {"Id_person":26,"e_mail":"germanburdin1@gmail.com","login":"GermanBurdin1","password":"$2y$10$rxnZKc3S5X9n5jX\/RDcutO7VzU.kgv6rsF0LQGTcGCx8T00ejjc0m","name":"German","is_verified":1,"verification_token":"b22a327b4ddf5d7cd0d0fb56f2a72498"}
User authenticated successfully: {"Id_person":26,"e_mail":"germanburdin1@gmail.com","login":"GermanBurdin1","password":"$2y$10$rxnZKc3S5X9n5jX\/RDcutO7VzU.kgv6rsF0LQGTcGCx8T00ejjc0m","name":"German","is_verified":1,"verification_token":"b22a327b4ddf5d7cd0d0fb56f2a72498"}
Authenticating user with email: germanburdin1@gmail.com
Found user: {"Id_person":26,"e_mail":"germanburdin1@gmail.com","login":"GermanBurdin1","password":"$2y$10$rxnZKc3S5X9n5jX\/RDcutO7VzU.kgv6rsF0LQGTcGCx8T00ejjc0m","name":"German","is_verified":1,"verification_token":"b22a327b4ddf5d7cd0d0fb56f2a72498"}
User authenticated successfully: {"Id_person":26,"e_mail":"germanburdin1@gmail.com","login":"GermanBurdin1","password":"$2y$10$rxnZKc3S5X9n5jX\/RDcutO7VzU.kgv6rsF0LQGTcGCx8T00ejjc0m","name":"German","is_verified":1,"verification_token":"b22a327b4ddf5d7cd0d0fb56f2a72498"}
Authenticating user with email: germanburdin1@gmail.com
Found user: {"Id_person":26,"e_mail":"germanburdin1@gmail.com","login":"GermanBurdin1","password":"$2y$10$rxnZKc3S5X9n5jX\/RDcutO7VzU.kgv6rsF0LQGTcGCx8T00ejjc0m","name":"German","is_verified":1,"verification_token":"b22a327b4ddf5d7cd0d0fb56f2a72498"}
User authenticated successfully: {"Id_person":26,"e_mail":"germanburdin1@gmail.com","login":"GermanBurdin1","password":"$2y$10$rxnZKc3S5X9n5jX\/RDcutO7VzU.kgv6rsF0LQGTcGCx8T00ejjc0m","name":"German","is_verified":1,"verification_token":"b22a327b4ddf5d7cd0d0fb56f2a72498"}
Authenticating user with email: germanburdin1@gmail.com
Found user: {"Id_person":26,"e_mail":"germanburdin1@gmail.com","login":"GermanBurdin1","password":"$2y$10$rxnZKc3S5X9n5jX\/RDcutO7VzU.kgv6rsF0LQGTcGCx8T00ejjc0m","name":"German","is_verified":1,"verification_token":"b22a327b4ddf5d7cd0d0fb56f2a72498"}
User authenticated successfully: {"Id_person":26,"e_mail":"germanburdin1@gmail.com","login":"GermanBurdin1","password":"$2y$10$rxnZKc3S5X9n5jX\/RDcutO7VzU.kgv6rsF0LQGTcGCx8T00ejjc0m","name":"German","is_verified":1,"verification_token":"b22a327b4ddf5d7cd0d0fb56f2a72498"}
Authenticating user with email: germanburdin1@gmail.com
Found user: {"Id_person":26,"e_mail":"germanburdin1@gmail.com","login":"GermanBurdin1","password":"$2y$10$rxnZKc3S5X9n5jX\/RDcutO7VzU.kgv6rsF0LQGTcGCx8T00ejjc0m","name":"German","is_verified":1,"verification_token":"b22a327b4ddf5d7cd0d0fb56f2a72498"}
User authenticated successfully: {"Id_person":26,"e_mail":"germanburdin1@gmail.com","login":"GermanBurdin1","password":"$2y$10$rxnZKc3S5X9n5jX\/RDcutO7VzU.kgv6rsF0LQGTcGCx8T00ejjc0m","name":"German","is_verified":1,"verification_token":"b22a327b4ddf5d7cd0d0fb56f2a72498"}
Authenticating user with email: germanburdin1@gmail.com
Found user: {"Id_person":26,"e_mail":"germanburdin1@gmail.com","login":"GermanBurdin1","password":"$2y$10$rxnZKc3S5X9n5jX\/RDcutO7VzU.kgv6rsF0LQGTcGCx8T00ejjc0m","name":"German","is_verified":1,"verification_token":"b22a327b4ddf5d7cd0d0fb56f2a72498"}
User authenticated successfully: {"Id_person":26,"e_mail":"germanburdin1@gmail.com","login":"GermanBurdin1","password":"$2y$10$rxnZKc3S5X9n5jX\/RDcutO7VzU.kgv6rsF0LQGTcGCx8T00ejjc0m","name":"German","is_verified":1,"verification_token":"b22a327b4ddf5d7cd0d0fb56f2a72498"}
