::1 - - [13/Feb/2024:16:33:05 +0100] "OPTIONS /back-end/end-points/register.php HTTP/1.1" 200 2
::1 - - [13/Feb/2024:16:33:05 +0100] "POST /AngularRequestsHandler.php HTTP/1.1" 404 318
::1 - - [13/Feb/2024:16:33:05 +0100] "POST /back-end/end-points/register.php HTTP/1.1" 200 6
::1 - - [13/Feb/2024:16:34:05 +0100] "OPTIONS /back-end/end-points/register.php HTTP/1.1" 200 2
::1 - - [13/Feb/2024:16:34:06 +0100] "POST /AngularRequestsHandler.php HTTP/1.1" 404 318
::1 - - [13/Feb/2024:16:34:05 +0100] "POST /back-end/end-points/register.php HTTP/1.1" 200 6
::1 - - [13/Feb/2024:16:35:41 +0100] "OPTIONS /back-end/end-points/register.php HTTP/1.1" 200 2
::1 - - [13/Feb/2024:16:35:41 +0100] "POST /AngularRequestsHandler.php HTTP/1.1" 404 318
::1 - - [13/Feb/2024:16:35:41 +0100] "POST /back-end/end-points/register.php HTTP/1.1" 200 6
::1 - - [13/Feb/2024:16:39:16 +0100] "OPTIONS /back-end/end-points/register.php HTTP/1.1" 200 2
::1 - - [13/Feb/2024:16:39:16 +0100] "POST /AngularRequestsHandler.php HTTP/1.1" 404 318
::1 - - [13/Feb/2024:16:39:16 +0100] "POST /back-end/end-points/register.php HTTP/1.1" 200 6
::1 - - [13/Feb/2024:16:43:09 +0100] "OPTIONS /back-end/end-points/register.php HTTP/1.1" 200 2
::1 - - [13/Feb/2024:16:43:09 +0100] "POST /AngularRequestsHandler.php HTTP/1.1" 404 318
::1 - - [13/Feb/2024:16:43:09 +0100] "POST /back-end/end-points/register.php HTTP/1.1" 200 6
::1 - - [13/Feb/2024:16:47:29 +0100] "OPTIONS /back-end/end-points/register.php HTTP/1.1" 200 2
::1 - - [13/Feb/2024:16:47:29 +0100] "POST /AngularRequestsHandler.php HTTP/1.1" 404 318
::1 - - [13/Feb/2024:16:47:29 +0100] "POST /back-end/end-points/register.php HTTP/1.1" 200 6
::1 - - [13/Feb/2024:16:49:28 +0100] "OPTIONS /back-end/end-points/register.php HTTP/1.1" 200 2
::1 - - [13/Feb/2024:16:49:28 +0100] "POST /AngularRequestsHandler.php HTTP/1.1" 404 318
::1 - - [13/Feb/2024:16:49:28 +0100] "POST /back-end/end-points/register.php HTTP/1.1" 200 6
::1 - - [13/Feb/2024:17:38:26 +0100] "GET /back-end/AngularRequestsHandler.php?e_mail=germanburdin1@gmail.com HTTP/1.1" 200 16
::1 - - [13/Feb/2024:17:38:27 +0100] "GET /back-end/AngularRequestsHandler.php?e_mail=germanburdin1@gmail.com HTTP/1.1" 200 16
::1 - - [13/Feb/2024:17:38:27 +0100] "GET /back-end/AngularRequestsHandler.php?e_mail=germanburdin1@gmail.com HTTP/1.1" 200 16
::1 - - [13/Feb/2024:17:38:28 +0100] "GET /back-end/AngularRequestsHandler.php?login=GermanBurdin1 HTTP/1.1" 200 16
::1 - - [13/Feb/2024:17:38:28 +0100] "GET /back-end/AngularRequestsHandler.php?login=GermanBurdin1 HTTP/1.1" 200 16
::1 - - [13/Feb/2024:17:38:28 +0100] "GET /back-end/AngularRequestsHandler.php?login=GermanBurdin1 HTTP/1.1" 200 16
::1 - - [13/Feb/2024:17:38:43 +0100] "OPTIONS /back-end/end-points/register.php HTTP/1.1" 200 2
::1 - - [13/Feb/2024:17:38:44 +0100] "POST /AngularRequestsHandler.php HTTP/1.1" 404 318
::1 - - [13/Feb/2024:17:38:43 +0100] "POST /back-end/end-points/register.php HTTP/1.1" 200 6
::1 - - [13/Feb/2024:17:41:44 +0100] "OPTIONS /back-end/end-points/register.php HTTP/1.1" 200 2
::1 - - [13/Feb/2024:17:41:44 +0100] "POST /AngularRequestsHandler.php HTTP/1.1" 404 318
::1 - - [13/Feb/2024:17:41:44 +0100] "POST /back-end/end-points/register.php HTTP/1.1" 200 6
::1 - - [13/Feb/2024:17:57:17 +0100] "OPTIONS /back-end/end-points/register.php HTTP/1.1" 200 2
::1 - - [13/Feb/2024:17:57:18 +0100] "POST /AngularRequestsHandler.php HTTP/1.1" 404 318
::1 - - [13/Feb/2024:17:57:18 +0100] "POST /back-end/end-points/register.php HTTP/1.1" 200 6
::1 - - [13/Feb/2024:17:57:22 +0100] "POST /AngularRequestsHandler.php HTTP/1.1" 404 318
::1 - - [13/Feb/2024:17:57:22 +0100] "POST /back-end/end-points/register.php HTTP/1.1" 200 6
::1 - - [13/Feb/2024:17:57:25 +0100] "OPTIONS /back-end/end-points/register.php HTTP/1.1" 200 2
::1 - - [13/Feb/2024:17:57:25 +0100] "POST /AngularRequestsHandler.php HTTP/1.1" 404 318
::1 - - [13/Feb/2024:17:57:25 +0100] "POST /back-end/end-points/register.php HTTP/1.1" 200 6
::1 - - [13/Feb/2024:18:02:42 +0100] "GET /back-end/end-points/register.php HTTP/1.1" 200 2
::1 - - [13/Feb/2024:18:04:29 +0100] "OPTIONS /back-end/end-points/register.php HTTP/1.1" 200 2
::1 - - [13/Feb/2024:18:04:29 +0100] "POST /AngularRequestsHandler.php HTTP/1.1" 404 318
::1 - - [13/Feb/2024:18:04:29 +0100] "POST /back-end/end-points/register.php HTTP/1.1" 200 6
::1 - - [13/Feb/2024:18:11:45 +0100] "OPTIONS /back-end/end-points/register.php HTTP/1.1" 200 2
::1 - - [13/Feb/2024:18:11:45 +0100] "POST /AngularRequestsHandler.php HTTP/1.1" 404 318
::1 - - [13/Feb/2024:18:11:45 +0100] "POST /back-end/end-points/register.php HTTP/1.1" 200 4
::1 - - [13/Feb/2024:18:16:47 +0100] "OPTIONS /back-end/end-points/register.php HTTP/1.1" 200 2
::1 - - [13/Feb/2024:18:16:47 +0100] "POST /AngularRequestsHandler.php HTTP/1.1" 404 318
::1 - - [13/Feb/2024:18:16:47 +0100] "POST /back-end/end-points/register.php HTTP/1.1" 200 4
::1 - - [13/Feb/2024:18:16:52 +0100] "POST /AngularRequestsHandler.php HTTP/1.1" 404 318
::1 - - [13/Feb/2024:18:16:52 +0100] "POST /back-end/end-points/register.php HTTP/1.1" 200 4
::1 - - [13/Feb/2024:18:18:29 +0100] "OPTIONS /back-end/end-points/user-details/getUserRole.php HTTP/1.1" 204 -
::1 - - [13/Feb/2024:18:18:37 +0100] "GET /back-end/AngularRequestsHandler.php?e_mail=germanburdin1@gmail.com HTTP/1.1" 200 16
::1 - - [13/Feb/2024:18:18:37 +0100] "GET /back-end/AngularRequestsHandler.php?e_mail=germanburdin1@gmail.com HTTP/1.1" 200 16
::1 - - [13/Feb/2024:18:18:37 +0100] "GET /back-end/AngularRequestsHandler.php?e_mail=germanburdin1@gmail.com HTTP/1.1" 200 16
::1 - - [13/Feb/2024:18:18:41 +0100] "GET /back-end/AngularRequestsHandler.php?login=GermanBurdin1 HTTP/1.1" 200 16
::1 - - [13/Feb/2024:18:18:41 +0100] "GET /back-end/AngularRequestsHandler.php?login=GermanBurdin1 HTTP/1.1" 200 16
::1 - - [13/Feb/2024:18:18:41 +0100] "GET /back-end/AngularRequestsHandler.php?login=GermanBurdin1 HTTP/1.1" 200 16
::1 - - [13/Feb/2024:18:18:54 +0100] "OPTIONS /back-end/end-points/register.php HTTP/1.1" 200 2
::1 - - [13/Feb/2024:18:18:54 +0100] "POST /AngularRequestsHandler.php HTTP/1.1" 404 318
::1 - - [13/Feb/2024:18:18:54 +0100] "POST /back-end/end-points/register.php HTTP/1.1" 200 4
::1 - - [13/Feb/2024:18:19:39 +0100] "OPTIONS /back-end/end-points/register.php HTTP/1.1" 200 2
::1 - - [13/Feb/2024:18:19:39 +0100] "POST /AngularRequestsHandler.php HTTP/1.1" 404 318
::1 - - [13/Feb/2024:18:19:39 +0100] "POST /back-end/end-points/register.php HTTP/1.1" 200 4
::1 - - [13/Feb/2024:18:19:55 +0100] "OPTIONS /back-end/end-points/register.php HTTP/1.1" 200 2
::1 - - [13/Feb/2024:18:19:55 +0100] "POST /AngularRequestsHandler.php HTTP/1.1" 404 318
::1 - - [13/Feb/2024:18:19:55 +0100] "POST /back-end/end-points/register.php HTTP/1.1" 200 4
::1 - - [13/Feb/2024:18:20:37 +0100] "OPTIONS /back-end/end-points/register.php HTTP/1.1" 200 2
::1 - - [13/Feb/2024:18:20:37 +0100] "POST /AngularRequestsHandler.php HTTP/1.1" 404 318
::1 - - [13/Feb/2024:18:20:37 +0100] "POST /back-end/end-points/register.php HTTP/1.1" 200 4
::1 - - [13/Feb/2024:18:22:48 +0100] "OPTIONS /back-end/end-points/register.php HTTP/1.1" 200 2
::1 - - [13/Feb/2024:18:22:48 +0100] "POST /AngularRequestsHandler.php HTTP/1.1" 404 318
::1 - - [13/Feb/2024:18:22:48 +0100] "POST /back-end/end-points/register.php HTTP/1.1" 200 4
::1 - - [13/Feb/2024:18:26:44 +0100] "OPTIONS /back-end/end-points/register.php HTTP/1.1" 200 2
::1 - - [13/Feb/2024:18:26:44 +0100] "POST /AngularRequestsHandler.php HTTP/1.1" 404 318
::1 - - [13/Feb/2024:18:26:44 +0100] "POST /back-end/end-points/register.php HTTP/1.1" 200 1507
